#
# There is insufficient memory for the Java Runtime Environment to continue.
# Native memory allocation (malloc) failed to allocate 1173356544 bytes for committing reserved memory.
# Possible reasons:
#   The system is out of physical RAM or swap space
#   In 32 bit mode, the process size limit was hit
# Possible solutions:
#   Reduce memory load on the system
#   Increase physical memory or swap space
#   Check if swap backing store is full
#   Use 64 bit Java on a 64 bit OS
#   Decrease Java heap size (-Xmx/-Xms)
#   Decrease number of Java threads
#   Decrease Java thread stack sizes (-Xss)
#   Set larger code cache with -XX:ReservedCodeCacheSize=
# This output file may be truncated or incomplete.
#
#  Out of Memory Error (os_linux.cpp:2718), pid=314, tid=140699002550016
#
# JRE version:  (7.0_40-b43) (build )
# Java VM: Java HotSpot(TM) 64-Bit Server VM (24.0-b56 mixed mode linux-amd64 compressed oops)
# Failed to write core dump. Core dumps have been disabled. To enable core dumping, try "ulimit -c unlimited" before starting Java again
#

---------------  T H R E A D  ---------------

Current thread (0x00007ff70400b800):  JavaThread "Unknown thread" [_thread_in_vm, id=355, stack(0x00007ff70a0db000,0x00007ff70a114000)]

Stack: [0x00007ff70a0db000,0x00007ff70a114000],  sp=0x00007ff70a112320,  free space=220k
Native frames: (J=compiled Java code, j=interpreted, Vv=VM code, C=native code)
V  [libjvm.so+0x99242a]  VMError::report_and_die()+0x2ea
V  [libjvm.so+0x49316b]  report_vm_out_of_memory(char const*, int, unsigned long, char const*)+0x9b
V  [libjvm.so+0x8128de]  os::Linux::commit_memory_impl(char*, unsigned long, bool)+0xfe
V  [libjvm.so+0x812d8f]  os::Linux::commit_memory_impl(char*, unsigned long, unsigned long, bool)+0x4f
V  [libjvm.so+0x812f4c]  os::pd_commit_memory(char*, unsigned long, unsigned long, bool)+0xc
V  [libjvm.so+0x80d03a]  os::commit_memory(char*, unsigned long, unsigned long, bool)+0x2a
V  [libjvm.so+0x98dd79]  VirtualSpace::expand_by(unsigned long, bool)+0x1c9
V  [libjvm.so+0x98defd]  VirtualSpace::initialize(ReservedSpace, unsigned long)+0xcd
V  [libjvm.so+0x57220f]  CardGeneration::CardGeneration(ReservedSpace, unsigned long, int, GenRemSet*)+0x11f
V  [libjvm.so+0x46955d]  ConcurrentMarkSweepGeneration::ConcurrentMarkSweepGeneration(ReservedSpace, unsigned long, int, CardTableRS*, bool, FreeBlockDictionary<FreeChunk>::DictionaryChoice)+0x5d
V  [libjvm.so+0x5734e6]  GenerationSpec::init(ReservedSpace, int, GenRemSet*)+0x106
V  [libjvm.so+0x563c4c]  GenCollectedHeap::initialize()+0x33c
V  [libjvm.so+0x9659fa]  Universe::initialize_heap()+0xca
V  [libjvm.so+0x966bc9]  universe_init()+0x79
V  [libjvm.so+0x5a95c5]  init_globals()+0x65
V  [libjvm.so+0x94e4bd]  Threads::create_vm(JavaVMInitArgs*, bool*)+0x1ed
V  [libjvm.so+0x630004]  JNI_CreateJavaVM+0x74
C  [libjli.so+0x2f8e]  JavaMain+0x9e


---------------  P R O C E S S  ---------------

Java Threads: ( => current thread )

Other Threads:

=>0x00007ff70400b800 (exited) JavaThread "Unknown thread" [_thread_in_vm, id=355, stack(0x00007ff70a0db000,0x00007ff70a114000)]

VM state:not at safepoint (not fully initialized)

VM Mutex/Monitor currently owned by a thread: None

GC Heap History (0 events):
No events

Deoptimization events (0 events):
No events

Internal exceptions (0 events):
No events

Events (0 events):
No events


Dynamic libraries:
00400000-00401000 r-xp 00000000 08:05 10765240                           /usr/lib/jvm/java-7-oracle/jre/bin/java
00600000-00601000 rw-p 00000000 08:05 10765240                           /usr/lib/jvm/java-7-oracle/jre/bin/java
008ff000-00920000 rw-p 00000000 00:00 0                                  [heap]
9da00000-b4e00000 rw-p 00000000 00:00 0 
fad00000-100000000 rw-p 00000000 00:00 0 
7ff6e8000000-7ff6e8021000 rw-p 00000000 00:00 0 
7ff6e8021000-7ff6ec000000 ---p 00000000 00:00 0 
7ff6ec000000-7ff6ec021000 rw-p 00000000 00:00 0 
7ff6ec021000-7ff6f0000000 ---p 00000000 00:00 0 
7ff6f0000000-7ff6f0021000 rw-p 00000000 00:00 0 
7ff6f0021000-7ff6f4000000 ---p 00000000 00:00 0 
7ff6f7eff000-7ff6f7f00000 ---p 00000000 00:00 0 
7ff6f7f00000-7ff6f8000000 rw-p 00000000 00:00 0                          [stack:357]
7ff6f8000000-7ff6f8021000 rw-p 00000000 00:00 0 
7ff6f8021000-7ff6fc000000 ---p 00000000 00:00 0 
7ff6ff4e1000-7ff6ffb0a000 rw-p 00000000 00:00 0 
7ff6ffb0a000-7ff6ffd63000 rw-p 00000000 00:00 0 
7ff6ffd63000-7ff6ffd64000 rw-p 00000000 00:00 0 
7ff6ffd64000-7ff6ffd65000 ---p 00000000 00:00 0 
7ff6ffd65000-7ff6ffe65000 rw-p 00000000 00:00 0                          [stack:359]
7ff6ffe65000-7ff6ffe66000 ---p 00000000 00:00 0 
7ff6ffe66000-7ff6fff66000 rw-p 00000000 00:00 0                          [stack:358]
7ff6fff66000-7ff7001d6000 rwxp 00000000 00:00 0 
7ff7001d6000-7ff702f66000 rw-p 00000000 00:00 0 
7ff702f66000-7ff702f80000 r-xp 00000000 08:05 10883419                   /usr/lib/jvm/java-7-oracle/jre/lib/amd64/libzip.so
7ff702f80000-7ff703180000 ---p 0001a000 08:05 10883419                   /usr/lib/jvm/java-7-oracle/jre/lib/amd64/libzip.so
7ff703180000-7ff703181000 rw-p 0001a000 08:05 10883419                   /usr/lib/jvm/java-7-oracle/jre/lib/amd64/libzip.so
7ff703181000-7ff70318d000 r-xp 00000000 08:05 6824145                    /lib/x86_64-linux-gnu/libnss_files-2.15.so
7ff70318d000-7ff70338c000 ---p 0000c000 08:05 6824145                    /lib/x86_64-linux-gnu/libnss_files-2.15.so
7ff70338c000-7ff70338d000 r--p 0000b000 08:05 6824145                    /lib/x86_64-linux-gnu/libnss_files-2.15.so
7ff70338d000-7ff70338e000 rw-p 0000c000 08:05 6824145                    /lib/x86_64-linux-gnu/libnss_files-2.15.so
7ff70338e000-7ff703398000 r-xp 00000000 08:05 6824153                    /lib/x86_64-linux-gnu/libnss_nis-2.15.so
7ff703398000-7ff703598000 ---p 0000a000 08:05 6824153                    /lib/x86_64-linux-gnu/libnss_nis-2.15.so
7ff703598000-7ff703599000 r--p 0000a000 08:05 6824153                    /lib/x86_64-linux-gnu/libnss_nis-2.15.so
7ff703599000-7ff70359a000 rw-p 0000b000 08:05 6824153                    /lib/x86_64-linux-gnu/libnss_nis-2.15.so
7ff70359a000-7ff7035b1000 r-xp 00000000 08:05 6824147                    /lib/x86_64-linux-gnu/libnsl-2.15.so
7ff7035b1000-7ff7037b0000 ---p 00017000 08:05 6824147                    /lib/x86_64-linux-gnu/libnsl-2.15.so
7ff7037b0000-7ff7037b1000 r--p 00016000 08:05 6824147                    /lib/x86_64-linux-gnu/libnsl-2.15.so
7ff7037b1000-7ff7037b2000 rw-p 00017000 08:05 6824147                    /lib/x86_64-linux-gnu/libnsl-2.15.so
7ff7037b2000-7ff7037b4000 rw-p 00000000 00:00 0 
7ff7037b4000-7ff7037bc000 r-xp 00000000 08:05 6824133                    /lib/x86_64-linux-gnu/libnss_compat-2.15.so
7ff7037bc000-7ff7039bb000 ---p 00008000 08:05 6824133                    /lib/x86_64-linux-gnu/libnss_compat-2.15.so
7ff7039bb000-7ff7039bc000 r--p 00007000 08:05 6824133                    /lib/x86_64-linux-gnu/libnss_compat-2.15.so
7ff7039bc000-7ff7039bd000 rw-p 00008000 08:05 6824133                    /lib/x86_64-linux-gnu/libnss_compat-2.15.so
7ff7039bd000-7ff7039c7000 r-xp 00000000 08:05 10883375                   /usr/lib/jvm/java-7-oracle/jre/lib/amd64/libinstrument.so
7ff7039c7000-7ff703bc6000 ---p 0000a000 08:05 10883375                   /usr/lib/jvm/java-7-oracle/jre/lib/amd64/libinstrument.so
7ff703bc6000-7ff703bc7000 rw-p 00009000 08:05 10883375                   /usr/lib/jvm/java-7-oracle/jre/lib/amd64/libinstrument.so
7ff703bc7000-7ff703bf0000 r-xp 00000000 08:05 10883373                   /usr/lib/jvm/java-7-oracle/jre/lib/amd64/libjava.so
7ff703bf0000-7ff703df0000 ---p 00029000 08:05 10883373                   /usr/lib/jvm/java-7-oracle/jre/lib/amd64/libjava.so
7ff703df0000-7ff703df2000 rw-p 00029000 08:05 10883373                   /usr/lib/jvm/java-7-oracle/jre/lib/amd64/libjava.so
7ff703df2000-7ff703dff000 r-xp 00000000 08:05 10883385                   /usr/lib/jvm/java-7-oracle/jre/lib/amd64/libverify.so
7ff703dff000-7ff703ffe000 ---p 0000d000 08:05 10883385                   /usr/lib/jvm/java-7-oracle/jre/lib/amd64/libverify.so
7ff703ffe000-7ff704000000 rw-p 0000c000 08:05 10883385                   /usr/lib/jvm/java-7-oracle/jre/lib/amd64/libverify.so
7ff704000000-7ff704030000 rw-p 00000000 00:00 0 
7ff704030000-7ff708000000 ---p 00000000 00:00 0 
7ff7080b4000-7ff7080b5000 ---p 00000000 00:00 0 
7ff7080b5000-7ff7081b5000 rw-p 00000000 00:00 0                          [stack:356]
7ff7081b5000-7ff7081bc000 r-xp 00000000 08:05 6824134                    /lib/x86_64-linux-gnu/librt-2.15.so
7ff7081bc000-7ff7083bb000 ---p 00007000 08:05 6824134                    /lib/x86_64-linux-gnu/librt-2.15.so
7ff7083bb000-7ff7083bc000 r--p 00006000 08:05 6824134                    /lib/x86_64-linux-gnu/librt-2.15.so
7ff7083bc000-7ff7083bd000 rw-p 00007000 08:05 6824134                    /lib/x86_64-linux-gnu/librt-2.15.so
7ff7083bd000-7ff7084b8000 r-xp 00000000 08:05 6824137                    /lib/x86_64-linux-gnu/libm-2.15.so
7ff7084b8000-7ff7086b7000 ---p 000fb000 08:05 6824137                    /lib/x86_64-linux-gnu/libm-2.15.so
7ff7086b7000-7ff7086b8000 r--p 000fa000 08:05 6824137                    /lib/x86_64-linux-gnu/libm-2.15.so
7ff7086b8000-7ff7086b9000 rw-p 000fb000 08:05 6824137                    /lib/x86_64-linux-gnu/libm-2.15.so
7ff7086b9000-7ff70921b000 r-xp 00000000 08:05 10883388                   /usr/lib/jvm/java-7-oracle/jre/lib/amd64/server/libjvm.so
7ff70921b000-7ff70941b000 ---p 00b62000 08:05 10883388                   /usr/lib/jvm/java-7-oracle/jre/lib/amd64/server/libjvm.so
7ff70941b000-7ff7094de000 rw-p 00b62000 08:05 10883388                   /usr/lib/jvm/java-7-oracle/jre/lib/amd64/server/libjvm.so
7ff7094de000-7ff70951f000 rw-p 00000000 00:00 0 
7ff70951f000-7ff7096d4000 r-xp 00000000 08:05 6824150                    /lib/x86_64-linux-gnu/libc-2.15.so
7ff7096d4000-7ff7098d3000 ---p 001b5000 08:05 6824150                    /lib/x86_64-linux-gnu/libc-2.15.so
7ff7098d3000-7ff7098d7000 r--p 001b4000 08:05 6824150                    /lib/x86_64-linux-gnu/libc-2.15.so
7ff7098d7000-7ff7098d9000 rw-p 001b8000 08:05 6824150                    /lib/x86_64-linux-gnu/libc-2.15.so
7ff7098d9000-7ff7098de000 rw-p 00000000 00:00 0 
7ff7098de000-7ff7098e0000 r-xp 00000000 08:05 6824143                    /lib/x86_64-linux-gnu/libdl-2.15.so
7ff7098e0000-7ff709ae0000 ---p 00002000 08:05 6824143                    /lib/x86_64-linux-gnu/libdl-2.15.so
7ff709ae0000-7ff709ae1000 r--p 00002000 08:05 6824143                    /lib/x86_64-linux-gnu/libdl-2.15.so
7ff709ae1000-7ff709ae2000 rw-p 00003000 08:05 6824143                    /lib/x86_64-linux-gnu/libdl-2.15.so
7ff709ae2000-7ff709af8000 r-xp 00000000 08:05 10883417                   /usr/lib/jvm/java-7-oracle/jre/lib/amd64/jli/libjli.so
7ff709af8000-7ff709cf8000 ---p 00016000 08:05 10883417                   /usr/lib/jvm/java-7-oracle/jre/lib/amd64/jli/libjli.so
7ff709cf8000-7ff709cf9000 rw-p 00016000 08:05 10883417                   /usr/lib/jvm/java-7-oracle/jre/lib/amd64/jli/libjli.so
7ff709cf9000-7ff709d11000 r-xp 00000000 08:05 6824151                    /lib/x86_64-linux-gnu/libpthread-2.15.so
7ff709d11000-7ff709f10000 ---p 00018000 08:05 6824151                    /lib/x86_64-linux-gnu/libpthread-2.15.so
7ff709f10000-7ff709f11000 r--p 00017000 08:05 6824151                    /lib/x86_64-linux-gnu/libpthread-2.15.so
7ff709f11000-7ff709f12000 rw-p 00018000 08:05 6824151                    /lib/x86_64-linux-gnu/libpthread-2.15.so
7ff709f12000-7ff709f16000 rw-p 00000000 00:00 0 
7ff709f16000-7ff709f38000 r-xp 00000000 08:05 6824146                    /lib/x86_64-linux-gnu/ld-2.15.so
7ff709f41000-7ff70a025000 rw-p 00000000 00:00 0 
7ff70a025000-7ff70a0db000 rw-p 00000000 00:00 0 
7ff70a0db000-7ff70a0de000 ---p 00000000 00:00 0 
7ff70a0de000-7ff70a118000 rw-p 00000000 00:00 0                          [stack:355]
7ff70a12a000-7ff70a12c000 rw-p 00000000 00:00 0 
7ff70a12c000-7ff70a134000 rw-s 00000000 08:05 19791911                   /tmp/hsperfdata_root/314
7ff70a134000-7ff70a135000 rw-p 00000000 00:00 0 
7ff70a135000-7ff70a136000 r--p 00000000 00:00 0 
7ff70a136000-7ff70a138000 rw-p 00000000 00:00 0 
7ff70a138000-7ff70a139000 r--p 00022000 08:05 6824146                    /lib/x86_64-linux-gnu/ld-2.15.so
7ff70a139000-7ff70a13b000 rw-p 00023000 08:05 6824146                    /lib/x86_64-linux-gnu/ld-2.15.so
7fffdb6b4000-7fffdb6d5000 rw-p 00000000 00:00 0                          [stack]
7fffdb711000-7fffdb712000 r-xp 00000000 00:00 0                          [vdso]
ffffffffff600000-ffffffffff601000 r-xp 00000000 00:00 0                  [vsyscall]

VM Arguments:
jvm_args: -ea -javaagent:./../lib/jamm-0.2.5.jar -XX:+UseThreadPriorities -XX:ThreadPriorityPolicy=42 -Xms1491M -Xmx1491M -Xmn372M -XX:+HeapDumpOnOutOfMemoryError -Xss228k -XX:+UseParNewGC -XX:+UseConcMarkSweepGC -XX:+CMSParallelRemarkEnabled -XX:SurvivorRatio=8 -XX:MaxTenuringThreshold=1 -XX:CMSInitiatingOccupancyFraction=75 -XX:+UseCMSInitiatingOccupancyOnly -XX:+UseTLAB -XX:+UseCondCardMark -Djava.net.preferIPv4Stack=true -Dcom.sun.management.jmxremote.port=7199 -Dcom.sun.management.jmxremote.ssl=false -Dcom.sun.management.jmxremote.authenticate=false -Dlog4j.configuration=log4j-server.properties -Dlog4j.defaultInitOverride=true -Dcassandra-foreground=yes 
java_command: org.apache.cassandra.service.CassandraDaemon
Launcher Type: SUN_STANDARD

Environment Variables:
PATH=/usr/local/sbin:/usr/local/bin:/usr/sbin:/usr/bin:/sbin:/bin
USERNAME=root
SHELL=/bin/bash
DISPLAY=:0

Signal Handlers:
SIGSEGV: [libjvm.so+0x992d50], sa_mask[0]=0x7ffbfeff, sa_flags=0x10000004
SIGBUS: [libjvm.so+0x992d50], sa_mask[0]=0x7ffbfeff, sa_flags=0x10000004
SIGFPE: [libjvm.so+0x80fb00], sa_mask[0]=0x7ffbfeff, sa_flags=0x10000004
SIGPIPE: [libjvm.so+0x80fb00], sa_mask[0]=0x7ffbfeff, sa_flags=0x10000004
SIGXFSZ: [libjvm.so+0x80fb00], sa_mask[0]=0x7ffbfeff, sa_flags=0x10000004
SIGILL: [libjvm.so+0x80fb00], sa_mask[0]=0x7ffbfeff, sa_flags=0x10000004
SIGUSR1: SIG_DFL, sa_mask[0]=0x00000000, sa_flags=0x00000000
SIGUSR2: [libjvm.so+0x810ff0], sa_mask[0]=0x00000000, sa_flags=0x10000004
SIGHUP: SIG_DFL, sa_mask[0]=0x00000000, sa_flags=0x00000000
SIGINT: SIG_DFL, sa_mask[0]=0x00000000, sa_flags=0x00000000
SIGTERM: SIG_DFL, sa_mask[0]=0x00000000, sa_flags=0x00000000
SIGQUIT: SIG_DFL, sa_mask[0]=0x00000000, sa_flags=0x00000000


---------------  S Y S T E M  ---------------

OS:wheezy/sid

uname:Linux 3.5.0-40-generic #62~precise1-Ubuntu SMP Fri Aug 23 17:38:26 UTC 2013 x86_64
libc:glibc 2.15 NPTL 2.15 
rlimit: STACK 8192k, CORE 0k, NPROC 47528, NOFILE 4096, AS infinity
load average:1.73 0.91 0.66

/proc/meminfo:
MemTotal:        6108432 kB
MemFree:          433396 kB
Buffers:          107276 kB
Cached:           546688 kB
SwapCached:            0 kB
Active:          4898524 kB
Inactive:         361904 kB
Active(anon):    4608860 kB
Inactive(anon):    43856 kB
Active(file):     289664 kB
Inactive(file):   318048 kB
Unevictable:         176 kB
Mlocked:             176 kB
SwapTotal:             0 kB
SwapFree:              0 kB
Dirty:             15056 kB
Writeback:             0 kB
AnonPages:       4606556 kB
Mapped:           244432 kB
Shmem:             46216 kB
Slab:             172780 kB
SReclaimable:      99304 kB
SUnreclaim:        73476 kB
KernelStack:        5432 kB
PageTables:        73608 kB
NFS_Unstable:          0 kB
Bounce:                0 kB
WritebackTmp:          0 kB
CommitLimit:     3054216 kB
Committed_AS:   19103404 kB
VmallocTotal:   34359738367 kB
VmallocUsed:      135772 kB
VmallocChunk:   34359593468 kB
HardwareCorrupted:     0 kB
AnonHugePages:     47104 kB
HugePages_Total:       0
HugePages_Free:        0
HugePages_Rsvd:        0
HugePages_Surp:        0
Hugepagesize:       2048 kB
DirectMap4k:     5128164 kB
DirectMap2M:     1161216 kB


CPU:total 4 (4 cores per cpu, 2 threads per core) family 6 model 26 stepping 5, cmov, cx8, fxsr, mmx, sse, sse2, sse3, ssse3, sse4.1, sse4.2, popcnt, ht, tsc, tscinvbit, tscinv

/proc/cpuinfo:
processor	: 0
vendor_id	: GenuineIntel
cpu family	: 6
model		: 26
model name	: Intel(R) Xeon(R) CPU           W3565  @ 3.20GHz
stepping	: 5
microcode	: 0x11
cpu MHz		: 3199.986
cache size	: 8192 KB
physical id	: 0
siblings	: 4
core id		: 0
cpu cores	: 4
apicid		: 0
initial apicid	: 0
fpu		: yes
fpu_exception	: yes
cpuid level	: 11
wp		: yes
flags		: fpu vme de pse tsc msr pae mce cx8 apic sep mtrr pge mca cmov pat pse36 clflush dts acpi mmx fxsr sse sse2 ss ht tm pbe syscall nx rdtscp lm constant_tsc arch_perfmon pebs bts rep_good nopl xtopology nonstop_tsc aperfmperf pni dtes64 monitor ds_cpl vmx est tm2 ssse3 cx16 xtpr pdcm dca sse4_1 sse4_2 popcnt lahf_lm ida dtherm tpr_shadow vnmi flexpriority ept vpid
bogomips	: 6399.97
clflush size	: 64
cache_alignment	: 64
address sizes	: 36 bits physical, 48 bits virtual
power management:

processor	: 1
vendor_id	: GenuineIntel
cpu family	: 6
model		: 26
model name	: Intel(R) Xeon(R) CPU           W3565  @ 3.20GHz
stepping	: 5
microcode	: 0x11
cpu MHz		: 3199.986
cache size	: 8192 KB
physical id	: 0
siblings	: 4
core id		: 1
cpu cores	: 4
apicid		: 2
initial apicid	: 2
fpu		: yes
fpu_exception	: yes
cpuid level	: 11
wp		: yes
flags		: fpu vme de pse tsc msr pae mce cx8 apic sep mtrr pge mca cmov pat pse36 clflush dts acpi mmx fxsr sse sse2 ss ht tm pbe syscall nx rdtscp lm constant_tsc arch_perfmon pebs bts rep_good nopl xtopology nonstop_tsc aperfmperf pni dtes64 monitor ds_cpl vmx est tm2 ssse3 cx16 xtpr pdcm dca sse4_1 sse4_2 popcnt lahf_lm ida dtherm tpr_shadow vnmi flexpriority ept vpid
bogomips	: 6399.97
clflush size	: 64
cache_alignment	: 64
address sizes	: 36 bits physical, 48 bits virtual
power management:

processor	: 2
vendor_id	: GenuineIntel
cpu family	: 6
model		: 26
model name	: Intel(R) Xeon(R) CPU           W3565  @ 3.20GHz
stepping	: 5
microcode	: 0x11
cpu MHz		: 3199.986
cache size	: 8192 KB
physical id	: 0
siblings	: 4
core id		: 2
cpu cores	: 4
apicid		: 4
initial apicid	: 4
fpu		: yes
fpu_exception	: yes
cpuid level	: 11
wp		: yes
flags		: fpu vme de pse tsc msr pae mce cx8 apic sep mtrr pge mca cmov pat pse36 clflush dts acpi mmx fxsr sse sse2 ss ht tm pbe syscall nx rdtscp lm constant_tsc arch_perfmon pebs bts rep_good nopl xtopology nonstop_tsc aperfmperf pni dtes64 monitor ds_cpl vmx est tm2 ssse3 cx16 xtpr pdcm dca sse4_1 sse4_2 popcnt lahf_lm ida dtherm tpr_shadow vnmi flexpriority ept vpid
bogomips	: 6399.97
clflush size	: 64
cache_alignment	: 64
address sizes	: 36 bits physical, 48 bits virtual
power management:

processor	: 3
vendor_id	: GenuineIntel
cpu family	: 6
model		: 26
model name	: Intel(R) Xeon(R) CPU           W3565  @ 3.20GHz
stepping	: 5
microcode	: 0x11
cpu MHz		: 3199.986
cache size	: 8192 KB
physical id	: 0
siblings	: 4
core id		: 3
cpu cores	: 4
apicid		: 6
initial apicid	: 6
fpu		: yes
fpu_exception	: yes
cpuid level	: 11
wp		: yes
flags		: fpu vme de pse tsc msr pae mce cx8 apic sep mtrr pge mca cmov pat pse36 clflush dts acpi mmx fxsr sse sse2 ss ht tm pbe syscall nx rdtscp lm constant_tsc arch_perfmon pebs bts rep_good nopl xtopology nonstop_tsc aperfmperf pni dtes64 monitor ds_cpl vmx est tm2 ssse3 cx16 xtpr pdcm dca sse4_1 sse4_2 popcnt lahf_lm ida dtherm tpr_shadow vnmi flexpriority ept vpid
bogomips	: 6399.97
clflush size	: 64
cache_alignment	: 64
address sizes	: 36 bits physical, 48 bits virtual
power management:



Memory: 4k page, physical 6108432k(433396k free), swap 0k(0k free)

vm_info: Java HotSpot(TM) 64-Bit Server VM (24.0-b56) for linux-amd64 JRE (1.7.0_40-b43), built on Aug 26 2013 23:53:33 by "java_re" with gcc 4.3.0 20080428 (Red Hat 4.3.0-8)

time: Wed Oct 16 16:23:11 2013
elapsed time: 0 seconds

