#
# There is insufficient memory for the Java Runtime Environment to continue.
# Native memory allocation (malloc) failed to allocate 1173356544 bytes for committing reserved memory.
# Possible reasons:
#   The system is out of physical RAM or swap space
#   In 32 bit mode, the process size limit was hit
# Possible solutions:
#   Reduce memory load on the system
#   Increase physical memory or swap space
#   Check if swap backing store is full
#   Use 64 bit Java on a 64 bit OS
#   Decrease Java heap size (-Xmx/-Xms)
#   Decrease number of Java threads
#   Decrease Java thread stack sizes (-Xss)
#   Set larger code cache with -XX:ReservedCodeCacheSize=
# This output file may be truncated or incomplete.
#
#  Out of Memory Error (os_linux.cpp:2718), pid=31212, tid=140117635634944
#
# JRE version:  (7.0_45-b18) (build )
# Java VM: Java HotSpot(TM) 64-Bit Server VM (24.45-b08 mixed mode linux-amd64 compressed oops)
# Failed to write core dump. Core dumps have been disabled. To enable core dumping, try "ulimit -c unlimited" before starting Java again
#

---------------  T H R E A D  ---------------

Current thread (0x00007f6fa800b800):  JavaThread "Unknown thread" [_thread_in_vm, id=31251, stack(0x00007f6fade29000,0x00007f6fade62000)]

Stack: [0x00007f6fade29000,0x00007f6fade62000],  sp=0x00007f6fade60320,  free space=220k
Native frames: (J=compiled Java code, j=interpreted, Vv=VM code, C=native code)
V  [libjvm.so+0x992c8a]  VMError::report_and_die()+0x2ea
V  [libjvm.so+0x49319b]  report_vm_out_of_memory(char const*, int, unsigned long, char const*)+0x9b
V  [libjvm.so+0x81310e]  os::Linux::commit_memory_impl(char*, unsigned long, bool)+0xfe
V  [libjvm.so+0x8135bf]  os::Linux::commit_memory_impl(char*, unsigned long, unsigned long, bool)+0x4f
V  [libjvm.so+0x81377c]  os::pd_commit_memory(char*, unsigned long, unsigned long, bool)+0xc
V  [libjvm.so+0x80d86a]  os::commit_memory(char*, unsigned long, unsigned long, bool)+0x2a
V  [libjvm.so+0x98e5d9]  VirtualSpace::expand_by(unsigned long, bool)+0x1c9
V  [libjvm.so+0x98e75d]  VirtualSpace::initialize(ReservedSpace, unsigned long)+0xcd
V  [libjvm.so+0x57228f]  CardGeneration::CardGeneration(ReservedSpace, unsigned long, int, GenRemSet*)+0x11f
V  [libjvm.so+0x46958d]  ConcurrentMarkSweepGeneration::ConcurrentMarkSweepGeneration(ReservedSpace, unsigned long, int, CardTableRS*, bool, FreeBlockDictionary<FreeChunk>::DictionaryChoice)+0x5d
V  [libjvm.so+0x573566]  GenerationSpec::init(ReservedSpace, int, GenRemSet*)+0x106
V  [libjvm.so+0x563ccc]  GenCollectedHeap::initialize()+0x33c
V  [libjvm.so+0x96625a]  Universe::initialize_heap()+0xca
V  [libjvm.so+0x967429]  universe_init()+0x79
V  [libjvm.so+0x5a9645]  init_globals()+0x65
V  [libjvm.so+0x94ed1d]  Threads::create_vm(JavaVMInitArgs*, bool*)+0x1ed
V  [libjvm.so+0x630804]  JNI_CreateJavaVM+0x74
C  [libjli.so+0x2f8e]  JavaMain+0x9e


---------------  P R O C E S S  ---------------

Java Threads: ( => current thread )

Other Threads:

=>0x00007f6fa800b800 (exited) JavaThread "Unknown thread" [_thread_in_vm, id=31251, stack(0x00007f6fade29000,0x00007f6fade62000)]

VM state:not at safepoint (not fully initialized)

VM Mutex/Monitor currently owned by a thread: None

GC Heap History (0 events):
No events

Deoptimization events (0 events):
No events

Internal exceptions (0 events):
No events

Events (0 events):
No events


Dynamic libraries:
00400000-00401000 r-xp 00000000 08:05 10759314                           /usr/lib/jvm/java-7-oracle/jre/bin/java
00600000-00601000 rw-p 00000000 08:05 10759314                           /usr/lib/jvm/java-7-oracle/jre/bin/java
01144000-01165000 rw-p 00000000 00:00 0                                  [heap]
9da00000-b4e00000 rw-p 00000000 00:00 0 
fad00000-100000000 rw-p 00000000 00:00 0 
7f6f8c000000-7f6f8c021000 rw-p 00000000 00:00 0 
7f6f8c021000-7f6f90000000 ---p 00000000 00:00 0 
7f6f94000000-7f6f94021000 rw-p 00000000 00:00 0 
7f6f94021000-7f6f98000000 ---p 00000000 00:00 0 
7f6f98000000-7f6f98021000 rw-p 00000000 00:00 0 
7f6f98021000-7f6f9c000000 ---p 00000000 00:00 0 
7f6f9c000000-7f6f9c021000 rw-p 00000000 00:00 0 
7f6f9c021000-7f6fa0000000 ---p 00000000 00:00 0 
7f6fa31d8000-7f6fa3801000 rw-p 00000000 00:00 0 
7f6fa3801000-7f6fa3a5a000 rw-p 00000000 00:00 0 
7f6fa3a5a000-7f6fa3a5b000 rw-p 00000000 00:00 0 
7f6fa3a5b000-7f6fa3a5c000 ---p 00000000 00:00 0 
7f6fa3a5c000-7f6fa3b5c000 rw-p 00000000 00:00 0                          [stack:31255]
7f6fa3b5c000-7f6fa3b5d000 ---p 00000000 00:00 0 
7f6fa3b5d000-7f6fa3c5d000 rw-p 00000000 00:00 0                          [stack:31254]
7f6fa3c5d000-7f6fa3c5e000 ---p 00000000 00:00 0 
7f6fa3c5e000-7f6fa3d5e000 rw-p 00000000 00:00 0                          [stack:31253]
7f6fa3d5e000-7f6fa3fce000 rwxp 00000000 00:00 0 
7f6fa3fce000-7f6fa6d5e000 rw-p 00000000 00:00 0 
7f6fa6d5e000-7f6fa6d78000 r-xp 00000000 08:05 10883404                   /usr/lib/jvm/java-7-oracle/jre/lib/amd64/libzip.so
7f6fa6d78000-7f6fa6f78000 ---p 0001a000 08:05 10883404                   /usr/lib/jvm/java-7-oracle/jre/lib/amd64/libzip.so
7f6fa6f78000-7f6fa6f79000 rw-p 0001a000 08:05 10883404                   /usr/lib/jvm/java-7-oracle/jre/lib/amd64/libzip.so
7f6fa6f79000-7f6fa6f85000 r-xp 00000000 08:05 6824145                    /lib/x86_64-linux-gnu/libnss_files-2.15.so
7f6fa6f85000-7f6fa7184000 ---p 0000c000 08:05 6824145                    /lib/x86_64-linux-gnu/libnss_files-2.15.so
7f6fa7184000-7f6fa7185000 r--p 0000b000 08:05 6824145                    /lib/x86_64-linux-gnu/libnss_files-2.15.so
7f6fa7185000-7f6fa7186000 rw-p 0000c000 08:05 6824145                    /lib/x86_64-linux-gnu/libnss_files-2.15.so
7f6fa7186000-7f6fa7190000 r-xp 00000000 08:05 6824153                    /lib/x86_64-linux-gnu/libnss_nis-2.15.so
7f6fa7190000-7f6fa7390000 ---p 0000a000 08:05 6824153                    /lib/x86_64-linux-gnu/libnss_nis-2.15.so
7f6fa7390000-7f6fa7391000 r--p 0000a000 08:05 6824153                    /lib/x86_64-linux-gnu/libnss_nis-2.15.so
7f6fa7391000-7f6fa7392000 rw-p 0000b000 08:05 6824153                    /lib/x86_64-linux-gnu/libnss_nis-2.15.so
7f6fa7392000-7f6fa73a9000 r-xp 00000000 08:05 6824147                    /lib/x86_64-linux-gnu/libnsl-2.15.so
7f6fa73a9000-7f6fa75a8000 ---p 00017000 08:05 6824147                    /lib/x86_64-linux-gnu/libnsl-2.15.so
7f6fa75a8000-7f6fa75a9000 r--p 00016000 08:05 6824147                    /lib/x86_64-linux-gnu/libnsl-2.15.so
7f6fa75a9000-7f6fa75aa000 rw-p 00017000 08:05 6824147                    /lib/x86_64-linux-gnu/libnsl-2.15.so
7f6fa75aa000-7f6fa75ac000 rw-p 00000000 00:00 0 
7f6fa75ac000-7f6fa75b4000 r-xp 00000000 08:05 6824133                    /lib/x86_64-linux-gnu/libnss_compat-2.15.so
7f6fa75b4000-7f6fa77b3000 ---p 00008000 08:05 6824133                    /lib/x86_64-linux-gnu/libnss_compat-2.15.so
7f6fa77b3000-7f6fa77b4000 r--p 00007000 08:05 6824133                    /lib/x86_64-linux-gnu/libnss_compat-2.15.so
7f6fa77b4000-7f6fa77b5000 rw-p 00008000 08:05 6824133                    /lib/x86_64-linux-gnu/libnss_compat-2.15.so
7f6fa77b5000-7f6fa77bf000 r-xp 00000000 08:05 10883360                   /usr/lib/jvm/java-7-oracle/jre/lib/amd64/libinstrument.so
7f6fa77bf000-7f6fa79be000 ---p 0000a000 08:05 10883360                   /usr/lib/jvm/java-7-oracle/jre/lib/amd64/libinstrument.so
7f6fa79be000-7f6fa79bf000 rw-p 00009000 08:05 10883360                   /usr/lib/jvm/java-7-oracle/jre/lib/amd64/libinstrument.so
7f6fa79bf000-7f6fa79e8000 r-xp 00000000 08:05 10883358                   /usr/lib/jvm/java-7-oracle/jre/lib/amd64/libjava.so
7f6fa79e8000-7f6fa7be8000 ---p 00029000 08:05 10883358                   /usr/lib/jvm/java-7-oracle/jre/lib/amd64/libjava.so
7f6fa7be8000-7f6fa7bea000 rw-p 00029000 08:05 10883358                   /usr/lib/jvm/java-7-oracle/jre/lib/amd64/libjava.so
7f6fa7bea000-7f6fa7bf7000 r-xp 00000000 08:05 10883370                   /usr/lib/jvm/java-7-oracle/jre/lib/amd64/libverify.so
7f6fa7bf7000-7f6fa7df6000 ---p 0000d000 08:05 10883370                   /usr/lib/jvm/java-7-oracle/jre/lib/amd64/libverify.so
7f6fa7df6000-7f6fa7df8000 rw-p 0000c000 08:05 10883370                   /usr/lib/jvm/java-7-oracle/jre/lib/amd64/libverify.so
7f6fa7df8000-7f6fa7dff000 r-xp 00000000 08:05 6824134                    /lib/x86_64-linux-gnu/librt-2.15.so
7f6fa7dff000-7f6fa7ffe000 ---p 00007000 08:05 6824134                    /lib/x86_64-linux-gnu/librt-2.15.so
7f6fa7ffe000-7f6fa7fff000 r--p 00006000 08:05 6824134                    /lib/x86_64-linux-gnu/librt-2.15.so
7f6fa7fff000-7f6fa8000000 rw-p 00007000 08:05 6824134                    /lib/x86_64-linux-gnu/librt-2.15.so
7f6fa8000000-7f6fa8030000 rw-p 00000000 00:00 0 
7f6fa8030000-7f6fac000000 ---p 00000000 00:00 0 
7f6fac00a000-7f6fac00b000 ---p 00000000 00:00 0 
7f6fac00b000-7f6fac10b000 rw-p 00000000 00:00 0                          [stack:31252]
7f6fac10b000-7f6fac206000 r-xp 00000000 08:05 6824137                    /lib/x86_64-linux-gnu/libm-2.15.so
7f6fac206000-7f6fac405000 ---p 000fb000 08:05 6824137                    /lib/x86_64-linux-gnu/libm-2.15.so
7f6fac405000-7f6fac406000 r--p 000fa000 08:05 6824137                    /lib/x86_64-linux-gnu/libm-2.15.so
7f6fac406000-7f6fac407000 rw-p 000fb000 08:05 6824137                    /lib/x86_64-linux-gnu/libm-2.15.so
7f6fac407000-7f6facf69000 r-xp 00000000 08:05 10883373                   /usr/lib/jvm/java-7-oracle/jre/lib/amd64/server/libjvm.so
7f6facf69000-7f6fad169000 ---p 00b62000 08:05 10883373                   /usr/lib/jvm/java-7-oracle/jre/lib/amd64/server/libjvm.so
7f6fad169000-7f6fad22c000 rw-p 00b62000 08:05 10883373                   /usr/lib/jvm/java-7-oracle/jre/lib/amd64/server/libjvm.so
7f6fad22c000-7f6fad26d000 rw-p 00000000 00:00 0 
7f6fad26d000-7f6fad422000 r-xp 00000000 08:05 6824150                    /lib/x86_64-linux-gnu/libc-2.15.so
7f6fad422000-7f6fad621000 ---p 001b5000 08:05 6824150                    /lib/x86_64-linux-gnu/libc-2.15.so
7f6fad621000-7f6fad625000 r--p 001b4000 08:05 6824150                    /lib/x86_64-linux-gnu/libc-2.15.so
7f6fad625000-7f6fad627000 rw-p 001b8000 08:05 6824150                    /lib/x86_64-linux-gnu/libc-2.15.so
7f6fad627000-7f6fad62c000 rw-p 00000000 00:00 0 
7f6fad62c000-7f6fad62e000 r-xp 00000000 08:05 6824143                    /lib/x86_64-linux-gnu/libdl-2.15.so
7f6fad62e000-7f6fad82e000 ---p 00002000 08:05 6824143                    /lib/x86_64-linux-gnu/libdl-2.15.so
7f6fad82e000-7f6fad82f000 r--p 00002000 08:05 6824143                    /lib/x86_64-linux-gnu/libdl-2.15.so
7f6fad82f000-7f6fad830000 rw-p 00003000 08:05 6824143                    /lib/x86_64-linux-gnu/libdl-2.15.so
7f6fad830000-7f6fad846000 r-xp 00000000 08:05 10883402                   /usr/lib/jvm/java-7-oracle/jre/lib/amd64/jli/libjli.so
7f6fad846000-7f6fada46000 ---p 00016000 08:05 10883402                   /usr/lib/jvm/java-7-oracle/jre/lib/amd64/jli/libjli.so
7f6fada46000-7f6fada47000 rw-p 00016000 08:05 10883402                   /usr/lib/jvm/java-7-oracle/jre/lib/amd64/jli/libjli.so
7f6fada47000-7f6fada5f000 r-xp 00000000 08:05 6824151                    /lib/x86_64-linux-gnu/libpthread-2.15.so
7f6fada5f000-7f6fadc5e000 ---p 00018000 08:05 6824151                    /lib/x86_64-linux-gnu/libpthread-2.15.so
7f6fadc5e000-7f6fadc5f000 r--p 00017000 08:05 6824151                    /lib/x86_64-linux-gnu/libpthread-2.15.so
7f6fadc5f000-7f6fadc60000 rw-p 00018000 08:05 6824151                    /lib/x86_64-linux-gnu/libpthread-2.15.so
7f6fadc60000-7f6fadc64000 rw-p 00000000 00:00 0 
7f6fadc64000-7f6fadc86000 r-xp 00000000 08:05 6824146                    /lib/x86_64-linux-gnu/ld-2.15.so
7f6fadc8f000-7f6fadd73000 rw-p 00000000 00:00 0 
7f6fadd73000-7f6fade29000 rw-p 00000000 00:00 0 
7f6fade29000-7f6fade2c000 ---p 00000000 00:00 0 
7f6fade2c000-7f6fade66000 rw-p 00000000 00:00 0                          [stack:31251]
7f6fade78000-7f6fade7a000 rw-p 00000000 00:00 0 
7f6fade7a000-7f6fade82000 rw-s 00000000 08:05 19802164                   /tmp/hsperfdata_root/31212
7f6fade82000-7f6fade83000 rw-p 00000000 00:00 0 
7f6fade83000-7f6fade84000 r--p 00000000 00:00 0 
7f6fade84000-7f6fade86000 rw-p 00000000 00:00 0 
7f6fade86000-7f6fade87000 r--p 00022000 08:05 6824146                    /lib/x86_64-linux-gnu/ld-2.15.so
7f6fade87000-7f6fade89000 rw-p 00023000 08:05 6824146                    /lib/x86_64-linux-gnu/ld-2.15.so
7fffb7b40000-7fffb7b61000 rw-p 00000000 00:00 0                          [stack]
7fffb7baf000-7fffb7bb0000 r-xp 00000000 00:00 0                          [vdso]
ffffffffff600000-ffffffffff601000 r-xp 00000000 00:00 0                  [vsyscall]

VM Arguments:
jvm_args: -ea -javaagent:./../lib/jamm-0.2.5.jar -XX:+UseThreadPriorities -XX:ThreadPriorityPolicy=42 -Xms1491M -Xmx1491M -Xmn372M -XX:+HeapDumpOnOutOfMemoryError -Xss228k -XX:+UseParNewGC -XX:+UseConcMarkSweepGC -XX:+CMSParallelRemarkEnabled -XX:SurvivorRatio=8 -XX:MaxTenuringThreshold=1 -XX:CMSInitiatingOccupancyFraction=75 -XX:+UseCMSInitiatingOccupancyOnly -XX:+UseTLAB -XX:+UseCondCardMark -Djava.net.preferIPv4Stack=true -Dcom.sun.management.jmxremote.port=7199 -Dcom.sun.management.jmxremote.ssl=false -Dcom.sun.management.jmxremote.authenticate=false -Dlog4j.configuration=log4j-server.properties -Dlog4j.defaultInitOverride=true -Dcassandra-foreground=yes 
java_command: org.apache.cassandra.service.CassandraDaemon
Launcher Type: SUN_STANDARD

Environment Variables:
PATH=/usr/local/sbin:/usr/local/bin:/usr/sbin:/usr/bin:/sbin:/bin
USERNAME=root
SHELL=/bin/bash
DISPLAY=:0

Signal Handlers:
SIGSEGV: [libjvm.so+0x9935b0], sa_mask[0]=0x7ffbfeff, sa_flags=0x10000004
SIGBUS: [libjvm.so+0x9935b0], sa_mask[0]=0x7ffbfeff, sa_flags=0x10000004
SIGFPE: [libjvm.so+0x810330], sa_mask[0]=0x7ffbfeff, sa_flags=0x10000004
SIGPIPE: [libjvm.so+0x810330], sa_mask[0]=0x7ffbfeff, sa_flags=0x10000004
SIGXFSZ: [libjvm.so+0x810330], sa_mask[0]=0x7ffbfeff, sa_flags=0x10000004
SIGILL: [libjvm.so+0x810330], sa_mask[0]=0x7ffbfeff, sa_flags=0x10000004
SIGUSR1: SIG_DFL, sa_mask[0]=0x00000000, sa_flags=0x00000000
SIGUSR2: [libjvm.so+0x811820], sa_mask[0]=0x00000000, sa_flags=0x10000004
SIGHUP: SIG_DFL, sa_mask[0]=0x00000000, sa_flags=0x00000000
SIGINT: SIG_DFL, sa_mask[0]=0x00000000, sa_flags=0x00000000
SIGTERM: SIG_DFL, sa_mask[0]=0x00000000, sa_flags=0x00000000
SIGQUIT: SIG_DFL, sa_mask[0]=0x00000000, sa_flags=0x00000000


---------------  S Y S T E M  ---------------

OS:wheezy/sid

uname:Linux 3.5.0-40-generic #62~precise1-Ubuntu SMP Fri Aug 23 17:38:26 UTC 2013 x86_64
libc:glibc 2.15 NPTL 2.15 
rlimit: STACK 8192k, CORE 0k, NPROC 47528, NOFILE 4096, AS infinity
load average:0.19 0.25 0.22

/proc/meminfo:
MemTotal:        6108432 kB
MemFree:          494344 kB
Buffers:           92484 kB
Cached:           583012 kB
SwapCached:            0 kB
Active:          4843428 kB
Inactive:         366816 kB
Active(anon):    4537344 kB
Inactive(anon):    33092 kB
Active(file):     306084 kB
Inactive(file):   333724 kB
Unevictable:         176 kB
Mlocked:             176 kB
SwapTotal:             0 kB
SwapFree:              0 kB
Dirty:              1916 kB
Writeback:             0 kB
AnonPages:       4534804 kB
Mapped:           211248 kB
Shmem:             35688 kB
Slab:             168576 kB
SReclaimable:      98328 kB
SUnreclaim:        70248 kB
KernelStack:        5352 kB
PageTables:        69712 kB
NFS_Unstable:          0 kB
Bounce:                0 kB
WritebackTmp:          0 kB
CommitLimit:     3054216 kB
Committed_AS:   19210752 kB
VmallocTotal:   34359738367 kB
VmallocUsed:      135772 kB
VmallocChunk:   34359593468 kB
HardwareCorrupted:     0 kB
AnonHugePages:         0 kB
HugePages_Total:       0
HugePages_Free:        0
HugePages_Rsvd:        0
HugePages_Surp:        0
Hugepagesize:       2048 kB
DirectMap4k:     5300196 kB
DirectMap2M:      989184 kB


CPU:total 4 (4 cores per cpu, 2 threads per core) family 6 model 26 stepping 5, cmov, cx8, fxsr, mmx, sse, sse2, sse3, ssse3, sse4.1, sse4.2, popcnt, ht, tsc, tscinvbit, tscinv

/proc/cpuinfo:
processor	: 0
vendor_id	: GenuineIntel
cpu family	: 6
model		: 26
model name	: Intel(R) Xeon(R) CPU           W3565  @ 3.20GHz
stepping	: 5
microcode	: 0x11
cpu MHz		: 3199.986
cache size	: 8192 KB
physical id	: 0
siblings	: 4
core id		: 0
cpu cores	: 4
apicid		: 0
initial apicid	: 0
fpu		: yes
fpu_exception	: yes
cpuid level	: 11
wp		: yes
flags		: fpu vme de pse tsc msr pae mce cx8 apic sep mtrr pge mca cmov pat pse36 clflush dts acpi mmx fxsr sse sse2 ss ht tm pbe syscall nx rdtscp lm constant_tsc arch_perfmon pebs bts rep_good nopl xtopology nonstop_tsc aperfmperf pni dtes64 monitor ds_cpl vmx est tm2 ssse3 cx16 xtpr pdcm dca sse4_1 sse4_2 popcnt lahf_lm ida dtherm tpr_shadow vnmi flexpriority ept vpid
bogomips	: 6399.97
clflush size	: 64
cache_alignment	: 64
address sizes	: 36 bits physical, 48 bits virtual
power management:

processor	: 1
vendor_id	: GenuineIntel
cpu family	: 6
model		: 26
model name	: Intel(R) Xeon(R) CPU           W3565  @ 3.20GHz
stepping	: 5
microcode	: 0x11
cpu MHz		: 3199.986
cache size	: 8192 KB
physical id	: 0
siblings	: 4
core id		: 1
cpu cores	: 4
apicid		: 2
initial apicid	: 2
fpu		: yes
fpu_exception	: yes
cpuid level	: 11
wp		: yes
flags		: fpu vme de pse tsc msr pae mce cx8 apic sep mtrr pge mca cmov pat pse36 clflush dts acpi mmx fxsr sse sse2 ss ht tm pbe syscall nx rdtscp lm constant_tsc arch_perfmon pebs bts rep_good nopl xtopology nonstop_tsc aperfmperf pni dtes64 monitor ds_cpl vmx est tm2 ssse3 cx16 xtpr pdcm dca sse4_1 sse4_2 popcnt lahf_lm ida dtherm tpr_shadow vnmi flexpriority ept vpid
bogomips	: 6399.97
clflush size	: 64
cache_alignment	: 64
address sizes	: 36 bits physical, 48 bits virtual
power management:

processor	: 2
vendor_id	: GenuineIntel
cpu family	: 6
model		: 26
model name	: Intel(R) Xeon(R) CPU           W3565  @ 3.20GHz
stepping	: 5
microcode	: 0x11
cpu MHz		: 3199.986
cache size	: 8192 KB
physical id	: 0
siblings	: 4
core id		: 2
cpu cores	: 4
apicid		: 4
initial apicid	: 4
fpu		: yes
fpu_exception	: yes
cpuid level	: 11
wp		: yes
flags		: fpu vme de pse tsc msr pae mce cx8 apic sep mtrr pge mca cmov pat pse36 clflush dts acpi mmx fxsr sse sse2 ss ht tm pbe syscall nx rdtscp lm constant_tsc arch_perfmon pebs bts rep_good nopl xtopology nonstop_tsc aperfmperf pni dtes64 monitor ds_cpl vmx est tm2 ssse3 cx16 xtpr pdcm dca sse4_1 sse4_2 popcnt lahf_lm ida dtherm tpr_shadow vnmi flexpriority ept vpid
bogomips	: 6399.97
clflush size	: 64
cache_alignment	: 64
address sizes	: 36 bits physical, 48 bits virtual
power management:

processor	: 3
vendor_id	: GenuineIntel
cpu family	: 6
model		: 26
model name	: Intel(R) Xeon(R) CPU           W3565  @ 3.20GHz
stepping	: 5
microcode	: 0x11
cpu MHz		: 3199.986
cache size	: 8192 KB
physical id	: 0
siblings	: 4
core id		: 3
cpu cores	: 4
apicid		: 6
initial apicid	: 6
fpu		: yes
fpu_exception	: yes
cpuid level	: 11
wp		: yes
flags		: fpu vme de pse tsc msr pae mce cx8 apic sep mtrr pge mca cmov pat pse36 clflush dts acpi mmx fxsr sse sse2 ss ht tm pbe syscall nx rdtscp lm constant_tsc arch_perfmon pebs bts rep_good nopl xtopology nonstop_tsc aperfmperf pni dtes64 monitor ds_cpl vmx est tm2 ssse3 cx16 xtpr pdcm dca sse4_1 sse4_2 popcnt lahf_lm ida dtherm tpr_shadow vnmi flexpriority ept vpid
bogomips	: 6399.97
clflush size	: 64
cache_alignment	: 64
address sizes	: 36 bits physical, 48 bits virtual
power management:



Memory: 4k page, physical 6108432k(494344k free), swap 0k(0k free)

vm_info: Java HotSpot(TM) 64-Bit Server VM (24.45-b08) for linux-amd64 JRE (1.7.0_45-b18), built on Oct  8 2013 05:44:25 by "java_re" with gcc 4.3.0 20080428 (Red Hat 4.3.0-8)

time: Tue Oct 22 14:06:51 2013
elapsed time: 0 seconds

